
2023/04/08 03:04:28 [31;1m/usr/src/app/cmd/web/main.go:26 [35;1mrecord not found
[0m[33m[11.557ms] [34;1m[rows:0][0m SELECT * FROM `users` WHERE `users`.`deleted_at` IS NULL ORDER BY `users`.`id` LIMIT 1

2023/04/08 03:04:28 [32m/usr/src/app/cmd/web/main.go:28
[0m[33m[0.488ms] [34;1m[rows:-][0m SELECT DATABASE()

2023/04/08 03:04:28 [32m/usr/src/app/cmd/web/main.go:28
[0m[33m[15.418ms] [34;1m[rows:1][0m SELECT SCHEMA_NAME from Information_schema.SCHEMATA where SCHEMA_NAME LIKE 'shortnet%' ORDER BY SCHEMA_NAME='shortnet' DESC,SCHEMA_NAME limit 1

2023/04/08 03:04:28 [32m/usr/src/app/cmd/web/main.go:28
[0m[33m[0.996ms] [34;1m[rows:-][0m SELECT count(*) FROM information_schema.tables WHERE table_schema = 'shortnet' AND table_name = 'users' AND table_type = 'BASE TABLE'

2023/04/08 03:04:28 [32m/usr/src/app/cmd/web/main.go:28
[0m[33m[0.375ms] [34;1m[rows:-][0m SELECT DATABASE()

2023/04/08 03:04:28 [32m/usr/src/app/cmd/web/main.go:28
[0m[33m[2.138ms] [34;1m[rows:1][0m SELECT SCHEMA_NAME from Information_schema.SCHEMATA where SCHEMA_NAME LIKE 'shortnet%' ORDER BY SCHEMA_NAME='shortnet' DESC,SCHEMA_NAME limit 1

2023/04/08 03:04:28 [32m/usr/src/app/cmd/web/main.go:28
[0m[33m[0.387ms] [34;1m[rows:-][0m SELECT * FROM `users` LIMIT 1

2023/04/08 03:04:28 [32m/usr/src/app/cmd/web/main.go:28
[0m[33m[3.022ms] [34;1m[rows:-][0m SELECT column_name, column_default, is_nullable = 'YES', data_type, character_maximum_length, column_type, column_key, extra, column_comment, numeric_precision, numeric_scale , datetime_precision FROM information_schema.columns WHERE table_schema = 'shortnet' AND table_name = 'users' ORDER BY ORDINAL_POSITION

2023/04/08 03:04:28 [32m/usr/src/app/cmd/web/main.go:28
[0m[33m[0.475ms] [34;1m[rows:-][0m SELECT DATABASE()

2023/04/08 03:04:28 [32m/usr/src/app/cmd/web/main.go:28
[0m[33m[1.351ms] [34;1m[rows:1][0m SELECT SCHEMA_NAME from Information_schema.SCHEMATA where SCHEMA_NAME LIKE 'shortnet%' ORDER BY SCHEMA_NAME='shortnet' DESC,SCHEMA_NAME limit 1

2023/04/08 03:04:28 [32m/usr/src/app/cmd/web/main.go:28
[0m[33m[1.122ms] [34;1m[rows:-][0m SELECT count(*) FROM information_schema.statistics WHERE table_schema = 'shortnet' AND table_name = 'users' AND index_name = 'idx_users_email'

2023/04/08 03:04:28 [32m/usr/src/app/cmd/web/main.go:28
[0m[33m[0.428ms] [34;1m[rows:-][0m SELECT DATABASE()

2023/04/08 03:04:28 [32m/usr/src/app/cmd/web/main.go:28
[0m[33m[1.394ms] [34;1m[rows:1][0m SELECT SCHEMA_NAME from Information_schema.SCHEMATA where SCHEMA_NAME LIKE 'shortnet%' ORDER BY SCHEMA_NAME='shortnet' DESC,SCHEMA_NAME limit 1

2023/04/08 03:04:28 [32m/usr/src/app/cmd/web/main.go:28
[0m[33m[0.915ms] [34;1m[rows:-][0m SELECT count(*) FROM information_schema.statistics WHERE table_schema = 'shortnet' AND table_name = 'users' AND index_name = 'idx_users_deleted_at'

2023/04/08 03:04:28 [32m/usr/src/app/cmd/web/main.go:28
[0m[33m[0.335ms] [34;1m[rows:-][0m SELECT DATABASE()

2023/04/08 03:04:28 [32m/usr/src/app/cmd/web/main.go:28
[0m[33m[1.365ms] [34;1m[rows:1][0m SELECT SCHEMA_NAME from Information_schema.SCHEMATA where SCHEMA_NAME LIKE 'shortnet%' ORDER BY SCHEMA_NAME='shortnet' DESC,SCHEMA_NAME limit 1

2023/04/08 03:04:28 [32m/usr/src/app/cmd/web/main.go:28
[0m[33m[3.019ms] [34;1m[rows:-][0m SELECT count(*) FROM information_schema.tables WHERE table_schema = 'shortnet' AND table_name = 'links' AND table_type = 'BASE TABLE'

2023/04/08 03:04:28 [32m/usr/src/app/cmd/web/main.go:28
[0m[33m[0.298ms] [34;1m[rows:-][0m SELECT DATABASE()

2023/04/08 03:04:28 [32m/usr/src/app/cmd/web/main.go:28
[0m[33m[1.326ms] [34;1m[rows:1][0m SELECT SCHEMA_NAME from Information_schema.SCHEMATA where SCHEMA_NAME LIKE 'shortnet%' ORDER BY SCHEMA_NAME='shortnet' DESC,SCHEMA_NAME limit 1

2023/04/08 03:04:28 [32m/usr/src/app/cmd/web/main.go:28
[0m[33m[2.572ms] [34;1m[rows:-][0m SELECT * FROM `links` LIMIT 1

2023/04/08 03:04:28 [32m/usr/src/app/cmd/web/main.go:28
[0m[33m[2.838ms] [34;1m[rows:-][0m SELECT column_name, column_default, is_nullable = 'YES', data_type, character_maximum_length, column_type, column_key, extra, column_comment, numeric_precision, numeric_scale , datetime_precision FROM information_schema.columns WHERE table_schema = 'shortnet' AND table_name = 'links' ORDER BY ORDINAL_POSITION

2023/04/08 03:04:28 [32m/usr/src/app/cmd/web/main.go:28
[0m[33m[0.498ms] [34;1m[rows:-][0m SELECT DATABASE()

2023/04/08 03:04:28 [32m/usr/src/app/cmd/web/main.go:28
[0m[33m[2.207ms] [34;1m[rows:1][0m SELECT SCHEMA_NAME from Information_schema.SCHEMATA where SCHEMA_NAME LIKE 'shortnet%' ORDER BY SCHEMA_NAME='shortnet' DESC,SCHEMA_NAME limit 1

2023/04/08 03:04:28 [32m/usr/src/app/cmd/web/main.go:28
[0m[33m[6.870ms] [34;1m[rows:-][0m SELECT count(*) FROM INFORMATION_SCHEMA.table_constraints WHERE constraint_schema = 'shortnet' AND table_name = 'links' AND constraint_name = 'fk_users_links'

2023/04/08 03:04:28 [32m/usr/src/app/cmd/web/main.go:28
[0m[33m[0.809ms] [34;1m[rows:-][0m SELECT DATABASE()

2023/04/08 03:04:28 [32m/usr/src/app/cmd/web/main.go:28
[0m[33m[1.648ms] [34;1m[rows:1][0m SELECT SCHEMA_NAME from Information_schema.SCHEMATA where SCHEMA_NAME LIKE 'shortnet%' ORDER BY SCHEMA_NAME='shortnet' DESC,SCHEMA_NAME limit 1

2023/04/08 03:04:28 [32m/usr/src/app/cmd/web/main.go:28
[0m[33m[1.243ms] [34;1m[rows:-][0m SELECT count(*) FROM information_schema.statistics WHERE table_schema = 'shortnet' AND table_name = 'links' AND index_name = 'idx_links_user_id'

2023/04/08 03:04:28 [32m/usr/src/app/cmd/web/main.go:28
[0m[33m[0.483ms] [34;1m[rows:-][0m SELECT DATABASE()

2023/04/08 03:04:28 [32m/usr/src/app/cmd/web/main.go:28
[0m[33m[1.671ms] [34;1m[rows:1][0m SELECT SCHEMA_NAME from Information_schema.SCHEMATA where SCHEMA_NAME LIKE 'shortnet%' ORDER BY SCHEMA_NAME='shortnet' DESC,SCHEMA_NAME limit 1

2023/04/08 03:04:28 [32m/usr/src/app/cmd/web/main.go:28
[0m[33m[1.381ms] [34;1m[rows:-][0m SELECT count(*) FROM information_schema.statistics WHERE table_schema = 'shortnet' AND table_name = 'links' AND index_name = 'idx_links_expired_at'
